<?xml version="1.0" encoding="UTF-8"?>
<testsuite name="sss.entity.BoyTest" tests="1" skipped="0" failures="0" errors="0" timestamp="2017-10-09T06:30:56" hostname="RHOST" time="0.004">
  <properties/>
  <testcase name="getName" classname="sss.entity.BoyTest" time="0.004"/>
  <system-out><![CDATA[]]></system-out>
  <system-err><![CDATA[]]></system-err>
</testsuite>
